This file contains any messages produced by compilers while
running configure, to aid debugging if configure makes a mistake.

It was created by configure, which was
generated by GNU Autoconf 2.59.  Invocation command line was

  $ ./configure 

## --------- ##
## Platform. ##
## --------- ##

hostname = localhost.localdomain
uname -m = i686
uname -r = 2.6.14-1.1637_FC4
uname -s = Linux
uname -v = #1 Wed Nov 9 18:19:37 EST 2005

/usr/bin/uname -p = unknown
/bin/uname -X     = unknown

/bin/arch              = i686
/usr/bin/arch -k       = unknown
/usr/convex/getsysinfo = unknown
hostinfo               = unknown
/bin/machine           = unknown
/usr/bin/oslevel       = unknown
/bin/universe          = unknown

PATH: /usr/kerberos/bin
PATH: /usr/local/bin
PATH: /usr/bin
PATH: /bin
PATH: /usr/X11R6/bin
PATH: /home/hugo/bin


## ----------- ##
## Core tests. ##
## ----------- ##

configure:1538: checking for a BSD-compatible install
configure:1593: result: /usr/bin/install -c
configure:1604: checking whether build environment is sane
configure:1647: result: yes
configure:1712: checking for gawk
configure:1728: found /usr/bin/gawk
configure:1738: result: gawk
configure:1748: checking whether make sets $(MAKE)
configure:1768: result: yes
configure:1989: checking for g++
configure:2005: found /usr/bin/g++
configure:2015: result: g++
configure:2031: checking for C++ compiler version
configure:2034: g++ --version </dev/null >&5
g++ (GCC) 4.0.2 20051125 (Red Hat 4.0.2-8)
Copyright (C) 2005 Free Software Foundation, Inc.
This is free software; see the source for copying conditions.  There is NO
warranty; not even for MERCHANTABILITY or FITNESS FOR A PARTICULAR PURPOSE.

configure:2037: $? = 0
configure:2039: g++ -v </dev/null >&5
Using built-in specs.
Target: i386-redhat-linux
Configured with: ../configure --prefix=/usr --mandir=/usr/share/man --infodir=/usr/share/info --enable-shared --enable-threads=posix --enable-checking=release --with-system-zlib --enable-__cxa_atexit --disable-libunwind-exceptions --enable-libgcj-multifile --enable-languages=c,c++,objc,java,f95,ada --enable-java-awt=gtk --with-java-home=/usr/lib/jvm/java-1.4.2-gcj-1.4.2.0/jre --host=i386-redhat-linux
Thread model: posix
gcc version 4.0.2 20051125 (Red Hat 4.0.2-8)
configure:2042: $? = 0
configure:2044: g++ -V </dev/null >&5
g++: '-V' option must have argument
configure:2047: $? = 1
configure:2070: checking for C++ compiler default output file name
configure:2073: g++    conftest.cc  >&5
configure:2076: $? = 0
configure:2122: result: a.out
configure:2127: checking whether the C++ compiler works
configure:2133: ./a.out
configure:2136: $? = 0
configure:2153: result: yes
configure:2160: checking whether we are cross compiling
configure:2162: result: no
configure:2165: checking for suffix of executables
configure:2167: g++ -o conftest    conftest.cc  >&5
configure:2170: $? = 0
configure:2195: result: 
configure:2201: checking for suffix of object files
configure:2222: g++ -c   conftest.cc >&5
configure:2225: $? = 0
configure:2247: result: o
configure:2251: checking whether we are using the GNU C++ compiler
configure:2275: g++ -c   conftest.cc >&5
configure:2281: $? = 0
configure:2285: test -z 
			 || test ! -s conftest.err
configure:2288: $? = 0
configure:2291: test -s conftest.o
configure:2294: $? = 0
configure:2307: result: yes
configure:2313: checking whether g++ accepts -g
configure:2334: g++ -c -g  conftest.cc >&5
configure:2340: $? = 0
configure:2344: test -z 
			 || test ! -s conftest.err
configure:2347: $? = 0
configure:2350: test -s conftest.o
configure:2353: $? = 0
configure:2364: result: yes
configure:2406: g++ -c -g -O2  conftest.cc >&5
configure:2412: $? = 0
configure:2416: test -z 
			 || test ! -s conftest.err
configure:2419: $? = 0
configure:2422: test -s conftest.o
configure:2425: $? = 0
configure:2451: g++ -c -g -O2  conftest.cc >&5
conftest.cc: In function 'int main()':
conftest.cc:15: error: 'exit' was not declared in this scope
configure:2457: $? = 1
configure: failed program was:
| /* confdefs.h.  */
| 
| #define PACKAGE_NAME ""
| #define PACKAGE_TARNAME ""
| #define PACKAGE_VERSION ""
| #define PACKAGE_STRING ""
| #define PACKAGE_BUGREPORT ""
| #define PACKAGE "hugoestudio"
| #define VERSION "0.1"
| /* end confdefs.h.  */
| 
| int
| main ()
| {
| exit (42);
|   ;
|   return 0;
| }
configure:2406: g++ -c -g -O2  conftest.cc >&5
configure:2412: $? = 0
configure:2416: test -z 
			 || test ! -s conftest.err
configure:2419: $? = 0
configure:2422: test -s conftest.o
configure:2425: $? = 0
configure:2451: g++ -c -g -O2  conftest.cc >&5
configure:2457: $? = 0
configure:2461: test -z 
			 || test ! -s conftest.err
configure:2464: $? = 0
configure:2467: test -s conftest.o
configure:2470: $? = 0
configure:2504: checking for style of include used by make
configure:2532: result: GNU
configure:2560: checking dependency style of g++
configure:2650: result: gcc3
configure:2680: checking for a BSD-compatible install
configure:2735: result: /usr/bin/install -c
configure:2826: checking build system type
configure:2844: result: i686-redhat-linux-gnu
configure:2852: checking host system type
configure:2866: result: i686-redhat-linux-gnu
configure:2920: checking for gcc
configure:2936: found /usr/bin/gcc
configure:2946: result: gcc
configure:3190: checking for C compiler version
configure:3193: gcc --version </dev/null >&5
gcc (GCC) 4.0.2 20051125 (Red Hat 4.0.2-8)
Copyright (C) 2005 Free Software Foundation, Inc.
This is free software; see the source for copying conditions.  There is NO
warranty; not even for MERCHANTABILITY or FITNESS FOR A PARTICULAR PURPOSE.

configure:3196: $? = 0
configure:3198: gcc -v </dev/null >&5
Using built-in specs.
Target: i386-redhat-linux
Configured with: ../configure --prefix=/usr --mandir=/usr/share/man --infodir=/usr/share/info --enable-shared --enable-threads=posix --enable-checking=release --with-system-zlib --enable-__cxa_atexit --disable-libunwind-exceptions --enable-libgcj-multifile --enable-languages=c,c++,objc,java,f95,ada --enable-java-awt=gtk --with-java-home=/usr/lib/jvm/java-1.4.2-gcj-1.4.2.0/jre --host=i386-redhat-linux
Thread model: posix
gcc version 4.0.2 20051125 (Red Hat 4.0.2-8)
configure:3201: $? = 0
configure:3203: gcc -V </dev/null >&5
gcc: '-V' option must have argument
configure:3206: $? = 1
configure:3209: checking whether we are using the GNU C compiler
configure:3233: gcc -c   conftest.c >&5
configure:3239: $? = 0
configure:3243: test -z 
			 || test ! -s conftest.err
configure:3246: $? = 0
configure:3249: test -s conftest.o
configure:3252: $? = 0
configure:3265: result: yes
configure:3271: checking whether gcc accepts -g
configure:3292: gcc -c -g  conftest.c >&5
configure:3298: $? = 0
configure:3302: test -z 
			 || test ! -s conftest.err
configure:3305: $? = 0
configure:3308: test -s conftest.o
configure:3311: $? = 0
configure:3322: result: yes
configure:3339: checking for gcc option to accept ANSI C
configure:3409: gcc  -c -g -O2  conftest.c >&5
configure:3415: $? = 0
configure:3419: test -z 
			 || test ! -s conftest.err
configure:3422: $? = 0
configure:3425: test -s conftest.o
configure:3428: $? = 0
configure:3446: result: none needed
configure:3464: gcc -c -g -O2  conftest.c >&5
conftest.c:2: error: syntax error before 'me'
configure:3470: $? = 1
configure: failed program was:
| #ifndef __cplusplus
|   choke me
| #endif
configure:3605: checking dependency style of gcc
configure:3695: result: gcc3
configure:3712: checking for a sed that does not truncate output
configure:3766: result: /bin/sed
configure:3769: checking for egrep
configure:3779: result: grep -E
configure:3795: checking for ld used by gcc
configure:3862: result: /usr/bin/ld
configure:3871: checking if the linker (/usr/bin/ld) is GNU ld
configure:3886: result: yes
configure:3891: checking for /usr/bin/ld option to reload object files
configure:3898: result: -r
configure:3916: checking for BSD-compatible nm
configure:3958: result: /usr/bin/nm -B
configure:3962: checking whether ln -s works
configure:3966: result: yes
configure:3973: checking how to recognise dependent libraries
configure:4145: result: pass_all
configure:4359: checking how to run the C preprocessor
configure:4394: gcc -E  conftest.c
configure:4400: $? = 0
configure:4432: gcc -E  conftest.c
conftest.c:14:28: error: ac_nonexistent.h: No such file or directory
configure:4438: $? = 1
configure: failed program was:
| /* confdefs.h.  */
| 
| #define PACKAGE_NAME ""
| #define PACKAGE_TARNAME ""
| #define PACKAGE_VERSION ""
| #define PACKAGE_STRING ""
| #define PACKAGE_BUGREPORT ""
| #define PACKAGE "hugoestudio"
| #define VERSION "0.1"
| #ifdef __cplusplus
| extern "C" void std::exit (int) throw (); using std::exit;
| #endif
| /* end confdefs.h.  */
| #include <ac_nonexistent.h>
configure:4477: result: gcc -E
configure:4501: gcc -E  conftest.c
configure:4507: $? = 0
configure:4539: gcc -E  conftest.c
conftest.c:14:28: error: ac_nonexistent.h: No such file or directory
configure:4545: $? = 1
configure: failed program was:
| /* confdefs.h.  */
| 
| #define PACKAGE_NAME ""
| #define PACKAGE_TARNAME ""
| #define PACKAGE_VERSION ""
| #define PACKAGE_STRING ""
| #define PACKAGE_BUGREPORT ""
| #define PACKAGE "hugoestudio"
| #define VERSION "0.1"
| #ifdef __cplusplus
| extern "C" void std::exit (int) throw (); using std::exit;
| #endif
| /* end confdefs.h.  */
| #include <ac_nonexistent.h>
configure:4589: checking for ANSI C header files
configure:4614: gcc -c -g -O2  conftest.c >&5
configure:4620: $? = 0
configure:4624: test -z 
			 || test ! -s conftest.err
configure:4627: $? = 0
configure:4630: test -s conftest.o
configure:4633: $? = 0
configure:4722: gcc -o conftest -g -O2   conftest.c  >&5
conftest.c: In function 'main':
conftest.c:31: warning: incompatible implicit declaration of built-in function 'exit'
configure:4725: $? = 0
configure:4727: ./conftest
configure:4730: $? = 0
configure:4745: result: yes
configure:4769: checking for sys/types.h
configure:4785: gcc -c -g -O2  conftest.c >&5
configure:4791: $? = 0
configure:4795: test -z 
			 || test ! -s conftest.err
configure:4798: $? = 0
configure:4801: test -s conftest.o
configure:4804: $? = 0
configure:4815: result: yes
configure:4769: checking for sys/stat.h
configure:4785: gcc -c -g -O2  conftest.c >&5
configure:4791: $? = 0
configure:4795: test -z 
			 || test ! -s conftest.err
configure:4798: $? = 0
configure:4801: test -s conftest.o
configure:4804: $? = 0
configure:4815: result: yes
configure:4769: checking for stdlib.h
configure:4785: gcc -c -g -O2  conftest.c >&5
configure:4791: $? = 0
configure:4795: test -z 
			 || test ! -s conftest.err
configure:4798: $? = 0
configure:4801: test -s conftest.o
configure:4804: $? = 0
configure:4815: result: yes
configure:4769: checking for string.h
configure:4785: gcc -c -g -O2  conftest.c >&5
configure:4791: $? = 0
configure:4795: test -z 
			 || test ! -s conftest.err
configure:4798: $? = 0
configure:4801: test -s conftest.o
configure:4804: $? = 0
configure:4815: result: yes
configure:4769: checking for memory.h
configure:4785: gcc -c -g -O2  conftest.c >&5
configure:4791: $? = 0
configure:4795: test -z 
			 || test ! -s conftest.err
configure:4798: $? = 0
configure:4801: test -s conftest.o
configure:4804: $? = 0
configure:4815: result: yes
configure:4769: checking for strings.h
configure:4785: gcc -c -g -O2  conftest.c >&5
configure:4791: $? = 0
configure:4795: test -z 
			 || test ! -s conftest.err
configure:4798: $? = 0
configure:4801: test -s conftest.o
configure:4804: $? = 0
configure:4815: result: yes
configure:4769: checking for inttypes.h
configure:4785: gcc -c -g -O2  conftest.c >&5
configure:4791: $? = 0
configure:4795: test -z 
			 || test ! -s conftest.err
configure:4798: $? = 0
configure:4801: test -s conftest.o
configure:4804: $? = 0
configure:4815: result: yes
configure:4769: checking for stdint.h
configure:4785: gcc -c -g -O2  conftest.c >&5
configure:4791: $? = 0
configure:4795: test -z 
			 || test ! -s conftest.err
configure:4798: $? = 0
configure:4801: test -s conftest.o
configure:4804: $? = 0
configure:4815: result: yes
configure:4769: checking for unistd.h
configure:4785: gcc -c -g -O2  conftest.c >&5
configure:4791: $? = 0
configure:4795: test -z 
			 || test ! -s conftest.err
configure:4798: $? = 0
configure:4801: test -s conftest.o
configure:4804: $? = 0
configure:4815: result: yes
configure:4841: checking dlfcn.h usability
configure:4853: gcc -c -g -O2  conftest.c >&5
configure:4859: $? = 0
configure:4863: test -z 
			 || test ! -s conftest.err
configure:4866: $? = 0
configure:4869: test -s conftest.o
configure:4872: $? = 0
configure:4882: result: yes
configure:4886: checking dlfcn.h presence
configure:4896: gcc -E  conftest.c
configure:4902: $? = 0
configure:4922: result: yes
configure:4957: checking for dlfcn.h
configure:4964: result: yes
configure:4987: checking how to run the C++ preprocessor
configure:5018: g++ -E  conftest.cc
configure:5024: $? = 0
configure:5056: g++ -E  conftest.cc
conftest.cc:25:28: error: ac_nonexistent.h: No such file or directory
configure:5062: $? = 1
configure: failed program was:
| /* confdefs.h.  */
| 
| #define PACKAGE_NAME ""
| #define PACKAGE_TARNAME ""
| #define PACKAGE_VERSION ""
| #define PACKAGE_STRING ""
| #define PACKAGE_BUGREPORT ""
| #define PACKAGE "hugoestudio"
| #define VERSION "0.1"
| #ifdef __cplusplus
| extern "C" void std::exit (int) throw (); using std::exit;
| #endif
| #define STDC_HEADERS 1
| #define HAVE_SYS_TYPES_H 1
| #define HAVE_SYS_STAT_H 1
| #define HAVE_STDLIB_H 1
| #define HAVE_STRING_H 1
| #define HAVE_MEMORY_H 1
| #define HAVE_STRINGS_H 1
| #define HAVE_INTTYPES_H 1
| #define HAVE_STDINT_H 1
| #define HAVE_UNISTD_H 1
| #define HAVE_DLFCN_H 1
| /* end confdefs.h.  */
| #include <ac_nonexistent.h>
configure:5101: result: g++ -E
configure:5125: g++ -E  conftest.cc
configure:5131: $? = 0
configure:5163: g++ -E  conftest.cc
conftest.cc:25:28: error: ac_nonexistent.h: No such file or directory
configure:5169: $? = 1
configure: failed program was:
| /* confdefs.h.  */
| 
| #define PACKAGE_NAME ""
| #define PACKAGE_TARNAME ""
| #define PACKAGE_VERSION ""
| #define PACKAGE_STRING ""
| #define PACKAGE_BUGREPORT ""
| #define PACKAGE "hugoestudio"
| #define VERSION "0.1"
| #ifdef __cplusplus
| extern "C" void std::exit (int) throw (); using std::exit;
| #endif
| #define STDC_HEADERS 1
| #define HAVE_SYS_TYPES_H 1
| #define HAVE_SYS_STAT_H 1
| #define HAVE_STDLIB_H 1
| #define HAVE_STRING_H 1
| #define HAVE_MEMORY_H 1
| #define HAVE_STRINGS_H 1
| #define HAVE_INTTYPES_H 1
| #define HAVE_STDINT_H 1
| #define HAVE_UNISTD_H 1
| #define HAVE_DLFCN_H 1
| /* end confdefs.h.  */
| #include <ac_nonexistent.h>
configure:5266: checking for g77
configure:5282: found /usr/bin/g77
configure:5292: result: g77
configure:5307: checking for Fortran 77 compiler version
configure:5310: g77 --version </dev/null >&5
GNU Fortran (GCC 3.2.3 20030502 (Red Hat Linux 3.2.3-47.fc4)) 3.2.3 20030502 (Red Hat Linux 3.2.3-13)
Copyright (C) 2002 Free Software Foundation, Inc.

GNU Fortran comes with NO WARRANTY, to the extent permitted by law.
You may redistribute copies of GNU Fortran
under the terms of the GNU General Public License.
For more information about these matters, see the file named COPYING
or type the command `info -f g77 Copying'.
configure:5313: $? = 0
configure:5315: g77 -v </dev/null >&5
Reading specs from /usr/lib/gcc-lib/i386-redhat-linux/3.2.3/specs
Configured with: ../configure --prefix=/usr --mandir=/usr/share/man --infodir=/usr/share/info --enable-shared --enable-threads=posix --disable-checking --with-system-zlib --enable-__cxa_atexit --enable-languages=c,c++,f77 --disable-libgcj --host=i386-redhat-linux
Thread model: posix
gcc version 3.2.3 20030502 (Red Hat Linux 3.2.3-47.fc4)
configure:5318: $? = 0
configure:5320: g77 -V </dev/null >&5
g77: argument to `-V' missing
configure:5323: $? = 1
configure:5331: checking whether we are using the GNU Fortran 77 compiler
configure:5345: g77 -c  conftest.F >&5
configure:5351: $? = 0
configure:5355: test -z 
			 || test ! -s conftest.err
configure:5358: $? = 0
configure:5361: test -s conftest.o
configure:5364: $? = 0
configure:5377: result: yes
configure:5383: checking whether g77 accepts -g
configure:5395: g77 -c -g conftest.f >&5
configure:5401: $? = 0
configure:5405: test -z 
			 || test ! -s conftest.err
configure:5408: $? = 0
configure:5411: test -s conftest.o
configure:5414: $? = 0
configure:5426: result: yes
configure:5456: checking the maximum length of command line arguments
configure:5548: result: 32768
configure:5559: checking command to parse /usr/bin/nm -B output from gcc object
configure:5655: gcc -c -g -O2  conftest.c >&5
configure:5658: $? = 0
configure:5662: /usr/bin/nm -B conftest.o \| sed -n -e 's/^.*[ 	]\([ABCDGIRSTW][ABCDGIRSTW]*\)[ 	][ 	]*\([_A-Za-z][_A-Za-z0-9]*\)$/\1 \2 \2/p' \> conftest.nm
configure:5665: $? = 0
configure:5717: gcc -o conftest -g -O2   conftest.c conftstm.o >&5
configure:5720: $? = 0
configure:5758: result: ok
configure:5762: checking for objdir
configure:5777: result: .libs
configure:5867: checking for ar
configure:5883: found /usr/bin/ar
configure:5894: result: ar
configure:5947: checking for ranlib
configure:5963: found /usr/bin/ranlib
configure:5974: result: ranlib
configure:6027: checking for strip
configure:6043: found /usr/bin/strip
configure:6054: result: strip
configure:6341: checking if gcc static flag  works
configure:6369: result: yes
configure:6387: checking if gcc supports -fno-rtti -fno-exceptions
configure:6405: gcc -c -g -O2  -fno-rtti -fno-exceptions conftest.c >&5
cc1: warning: command line option "-fno-rtti" is valid for C++/ObjC++ but not for C
configure:6409: $? = 0
configure:6422: result: no
configure:6437: checking for gcc option to produce PIC
configure:6641: result: -fPIC
configure:6649: checking if gcc PIC flag -fPIC works
configure:6667: gcc -c -g -O2  -fPIC -DPIC conftest.c >&5
configure:6671: $? = 0
configure:6684: result: yes
configure:6708: checking if gcc supports -c -o file.o
configure:6729: gcc -c -g -O2  -o out/conftest2.o conftest.c >&5
configure:6733: $? = 0
configure:6755: result: yes
configure:6781: checking whether the gcc linker (/usr/bin/ld) supports shared libraries
configure:7676: result: yes
configure:7702: checking whether -lc should be explicitly linked in
configure:7707: gcc -c -g -O2  conftest.c >&5
configure:7710: $? = 0
configure:7724: gcc -shared conftest.o  -v -Wl,-soname -Wl,conftest -o conftest 2\>\&1 \| grep  -lc  \>/dev/null 2\>\&1
configure:7727: $? = 0
configure:7739: result: no
configure:7747: checking dynamic linker characteristics
configure:8310: result: GNU/Linux ld.so
configure:8314: checking how to hardcode library paths into programs
configure:8339: result: immediate
configure:8353: checking whether stripping libraries is possible
configure:8358: result: yes
configure:8484: checking for shl_load
configure:8541: gcc -o conftest -g -O2   conftest.c  >&5
/tmp/ccZGbszg.o(.text+0x14): In function `main':
/home/hugo/hugoestudio/conftest.c:64: undefined reference to `shl_load'
/tmp/ccZGbszg.o(.data+0x0): undefined reference to `shl_load'
collect2: ld returned 1 exit status
configure:8547: $? = 1
configure: failed program was:
| /* confdefs.h.  */
| 
| #define PACKAGE_NAME ""
| #define PACKAGE_TARNAME ""
| #define PACKAGE_VERSION ""
| #define PACKAGE_STRING ""
| #define PACKAGE_BUGREPORT ""
| #define PACKAGE "hugoestudio"
| #define VERSION "0.1"
| #ifdef __cplusplus
| extern "C" void std::exit (int) throw (); using std::exit;
| #endif
| #define STDC_HEADERS 1
| #define HAVE_SYS_TYPES_H 1
| #define HAVE_SYS_STAT_H 1
| #define HAVE_STDLIB_H 1
| #define HAVE_STRING_H 1
| #define HAVE_MEMORY_H 1
| #define HAVE_STRINGS_H 1
| #define HAVE_INTTYPES_H 1
| #define HAVE_STDINT_H 1
| #define HAVE_UNISTD_H 1
| #define HAVE_DLFCN_H 1
| /* end confdefs.h.  */
| /* Define shl_load to an innocuous variant, in case <limits.h> declares shl_load.
|    For example, HP-UX 11i <limits.h> declares gettimeofday.  */
| #define shl_load innocuous_shl_load
| 
| /* System header to define __stub macros and hopefully few prototypes,
|     which can conflict with char shl_load (); below.
|     Prefer <limits.h> to <assert.h> if __STDC__ is defined, since
|     <limits.h> exists even on freestanding compilers.  */
| 
| #ifdef __STDC__
| # include <limits.h>
| #else
| # include <assert.h>
| #endif
| 
| #undef shl_load
| 
| /* Override any gcc2 internal prototype to avoid an error.  */
| #ifdef __cplusplus
| extern "C"
| {
| #endif
| /* We use char because int might match the return type of a gcc2
|    builtin and then its argument prototype would still apply.  */
| char shl_load ();
| /* The GNU C library defines this for functions which it implements
|     to always fail with ENOSYS.  Some functions are actually named
|     something starting with __ and the normal name is an alias.  */
| #if defined (__stub_shl_load) || defined (__stub___shl_load)
| choke me
| #else
| char (*f) () = shl_load;
| #endif
| #ifdef __cplusplus
| }
| #endif
| 
| int
| main ()
| {
| return f != shl_load;
|   ;
|   return 0;
| }
configure:8572: result: no
configure:8577: checking for shl_load in -ldld
configure:8607: gcc -o conftest -g -O2   conftest.c -ldld   >&5
/usr/bin/ld: cannot find -ldld
collect2: ld returned 1 exit status
configure:8613: $? = 1
configure: failed program was:
| /* confdefs.h.  */
| 
| #define PACKAGE_NAME ""
| #define PACKAGE_TARNAME ""
| #define PACKAGE_VERSION ""
| #define PACKAGE_STRING ""
| #define PACKAGE_BUGREPORT ""
| #define PACKAGE "hugoestudio"
| #define VERSION "0.1"
| #ifdef __cplusplus
| extern "C" void std::exit (int) throw (); using std::exit;
| #endif
| #define STDC_HEADERS 1
| #define HAVE_SYS_TYPES_H 1
| #define HAVE_SYS_STAT_H 1
| #define HAVE_STDLIB_H 1
| #define HAVE_STRING_H 1
| #define HAVE_MEMORY_H 1
| #define HAVE_STRINGS_H 1
| #define HAVE_INTTYPES_H 1
| #define HAVE_STDINT_H 1
| #define HAVE_UNISTD_H 1
| #define HAVE_DLFCN_H 1
| /* end confdefs.h.  */
| 
| /* Override any gcc2 internal prototype to avoid an error.  */
| #ifdef __cplusplus
| extern "C"
| #endif
| /* We use char because int might match the return type of a gcc2
|    builtin and then its argument prototype would still apply.  */
| char shl_load ();
| int
| main ()
| {
| shl_load ();
|   ;
|   return 0;
| }
configure:8639: result: no
configure:8644: checking for dlopen
configure:8701: gcc -o conftest -g -O2   conftest.c  >&5
/tmp/ccsmkRGJ.o(.text+0x14): In function `main':
/home/hugo/hugoestudio/conftest.c:64: undefined reference to `dlopen'
/tmp/ccsmkRGJ.o(.data+0x0): undefined reference to `dlopen'
collect2: ld returned 1 exit status
configure:8707: $? = 1
configure: failed program was:
| /* confdefs.h.  */
| 
| #define PACKAGE_NAME ""
| #define PACKAGE_TARNAME ""
| #define PACKAGE_VERSION ""
| #define PACKAGE_STRING ""
| #define PACKAGE_BUGREPORT ""
| #define PACKAGE "hugoestudio"
| #define VERSION "0.1"
| #ifdef __cplusplus
| extern "C" void std::exit (int) throw (); using std::exit;
| #endif
| #define STDC_HEADERS 1
| #define HAVE_SYS_TYPES_H 1
| #define HAVE_SYS_STAT_H 1
| #define HAVE_STDLIB_H 1
| #define HAVE_STRING_H 1
| #define HAVE_MEMORY_H 1
| #define HAVE_STRINGS_H 1
| #define HAVE_INTTYPES_H 1
| #define HAVE_STDINT_H 1
| #define HAVE_UNISTD_H 1
| #define HAVE_DLFCN_H 1
| /* end confdefs.h.  */
| /* Define dlopen to an innocuous variant, in case <limits.h> declares dlopen.
|    For example, HP-UX 11i <limits.h> declares gettimeofday.  */
| #define dlopen innocuous_dlopen
| 
| /* System header to define __stub macros and hopefully few prototypes,
|     which can conflict with char dlopen (); below.
|     Prefer <limits.h> to <assert.h> if __STDC__ is defined, since
|     <limits.h> exists even on freestanding compilers.  */
| 
| #ifdef __STDC__
| # include <limits.h>
| #else
| # include <assert.h>
| #endif
| 
| #undef dlopen
| 
| /* Override any gcc2 internal prototype to avoid an error.  */
| #ifdef __cplusplus
| extern "C"
| {
| #endif
| /* We use char because int might match the return type of a gcc2
|    builtin and then its argument prototype would still apply.  */
| char dlopen ();
| /* The GNU C library defines this for functions which it implements
|     to always fail with ENOSYS.  Some functions are actually named
|     something starting with __ and the normal name is an alias.  */
| #if defined (__stub_dlopen) || defined (__stub___dlopen)
| choke me
| #else
| char (*f) () = dlopen;
| #endif
| #ifdef __cplusplus
| }
| #endif
| 
| int
| main ()
| {
| return f != dlopen;
|   ;
|   return 0;
| }
configure:8732: result: no
configure:8737: checking for dlopen in -ldl
configure:8767: gcc -o conftest -g -O2   conftest.c -ldl   >&5
configure:8773: $? = 0
configure:8777: test -z 
			 || test ! -s conftest.err
configure:8780: $? = 0
configure:8783: test -s conftest
configure:8786: $? = 0
configure:8799: result: yes
configure:8974: checking whether a program can dlopen itself
configure:9046: gcc -o conftest -g -O2  -DHAVE_DLFCN_H  -Wl,--export-dynamic conftest.c -ldl  >&5
configure: In function 'main':
configure:9042: warning: incompatible implicit declaration of built-in function 'exit'
configure:9049: $? = 0
configure:9067: result: yes
configure:9072: checking whether a statically linked program can dlopen itself
configure:9144: gcc -o conftest -g -O2  -DHAVE_DLFCN_H  -Wl,--export-dynamic  conftest.c -ldl  >&5
configure: In function 'main':
configure:9140: warning: incompatible implicit declaration of built-in function 'exit'
configure:9147: $? = 0
configure:9165: result: yes
configure:9188: checking if libtool supports shared libraries
configure:9190: result: yes
configure:9193: checking whether to build shared libraries
configure:9214: result: yes
configure:9217: checking whether to build static libraries
configure:9221: result: yes
configure:9313: creating libtool
configure:9891: checking for ld used by g++
configure:9958: result: /usr/bin/ld
configure:9967: checking if the linker (/usr/bin/ld) is GNU ld
configure:9982: result: yes
configure:10033: checking whether the g++ linker (/usr/bin/ld) supports shared libraries
configure:10920: result: yes
configure:10938: g++ -c -g -O2  conftest.cc >&5
configure:10941: $? = 0
configure:11037: checking for g++ option to produce PIC
configure:11305: result: -fPIC
configure:11313: checking if g++ PIC flag -fPIC works
configure:11331: g++ -c -g -O2  -fPIC -DPIC conftest.cc >&5
configure:11335: $? = 0
configure:11348: result: yes
configure:11372: checking if g++ supports -c -o file.o
configure:11393: g++ -c -g -O2  -o out/conftest2.o conftest.cc >&5
configure:11397: $? = 0
configure:11419: result: yes
configure:11445: checking whether the g++ linker (/usr/bin/ld) supports shared libraries
configure:11470: result: yes
configure:11541: checking dynamic linker characteristics
configure:12104: result: GNU/Linux ld.so
configure:12108: checking how to hardcode library paths into programs
configure:12133: result: immediate
configure:12147: checking whether stripping libraries is possible
configure:12152: result: yes
configure:12278: checking for shl_load
configure:12366: result: no
configure:12371: checking for shl_load in -ldld
configure:12433: result: no
configure:12438: checking for dlopen
configure:12526: result: no
configure:12531: checking for dlopen in -ldl
configure:12593: result: yes
configure:12768: checking whether a program can dlopen itself
configure:12861: result: yes
configure:12866: checking whether a statically linked program can dlopen itself
configure:12959: result: yes
configure:13488: checking if libtool supports shared libraries
configure:13490: result: yes
configure:13493: checking whether to build shared libraries
configure:13513: result: yes
configure:13516: checking whether to build static libraries
configure:13520: result: yes
configure:13532: checking for g77 option to produce PIC
configure:13736: result: -fPIC
configure:13744: checking if g77 PIC flag -fPIC works
configure:13762: g77 -c -g -O2 -fPIC conftest.f >&5
configure:13766: $? = 0
configure:13779: result: yes
configure:13803: checking if g77 supports -c -o file.o
configure:13824: g77 -c -g -O2 -o out/conftest2.o conftest.f >&5
configure:13828: $? = 0
configure:13850: result: yes
configure:13876: checking whether the g77 linker (/usr/bin/ld) supports shared libraries
configure:14751: result: yes
configure:14822: checking dynamic linker characteristics
configure:15385: result: GNU/Linux ld.so
configure:15389: checking how to hardcode library paths into programs
configure:15414: result: immediate
configure:15428: checking whether stripping libraries is possible
configure:15433: result: yes
configure:19713: checking wxWidgets version
configure:19716: result: 2.6.1
configure:19893: creating ./config.status

## ---------------------- ##
## Running config.status. ##
## ---------------------- ##

This file was extended by config.status, which was
generated by GNU Autoconf 2.59.  Invocation command line was

  CONFIG_FILES    = 
  CONFIG_HEADERS  = 
  CONFIG_LINKS    = 
  CONFIG_COMMANDS = 
  $ ./config.status 

on localhost.localdomain

config.status:708: creating Makefile
config.status:708: creating src/Makefile
config.status:891: executing depfiles commands

## ---------------- ##
## Cache variables. ##
## ---------------- ##

ac_cv_build=i686-redhat-linux-gnu
ac_cv_build_alias=i686-redhat-linux-gnu
ac_cv_c_compiler_gnu=yes
ac_cv_cxx_compiler_gnu=yes
ac_cv_env_CC_set=
ac_cv_env_CC_value=
ac_cv_env_CFLAGS_set=
ac_cv_env_CFLAGS_value=
ac_cv_env_CPPFLAGS_set=
ac_cv_env_CPPFLAGS_value=
ac_cv_env_CPP_set=
ac_cv_env_CPP_value=
ac_cv_env_CXXCPP_set=
ac_cv_env_CXXCPP_value=
ac_cv_env_CXXFLAGS_set=
ac_cv_env_CXXFLAGS_value=
ac_cv_env_CXX_set=
ac_cv_env_CXX_value=
ac_cv_env_F77_set=
ac_cv_env_F77_value=
ac_cv_env_FFLAGS_set=
ac_cv_env_FFLAGS_value=
ac_cv_env_LDFLAGS_set=
ac_cv_env_LDFLAGS_value=
ac_cv_env_build_alias_set=
ac_cv_env_build_alias_value=
ac_cv_env_host_alias_set=
ac_cv_env_host_alias_value=
ac_cv_env_target_alias_set=
ac_cv_env_target_alias_value=
ac_cv_exeext=
ac_cv_f77_compiler_gnu=yes
ac_cv_func_dlopen=no
ac_cv_func_shl_load=no
ac_cv_header_dlfcn_h=yes
ac_cv_header_inttypes_h=yes
ac_cv_header_memory_h=yes
ac_cv_header_stdc=yes
ac_cv_header_stdint_h=yes
ac_cv_header_stdlib_h=yes
ac_cv_header_string_h=yes
ac_cv_header_strings_h=yes
ac_cv_header_sys_stat_h=yes
ac_cv_header_sys_types_h=yes
ac_cv_header_unistd_h=yes
ac_cv_host=i686-redhat-linux-gnu
ac_cv_host_alias=i686-redhat-linux-gnu
ac_cv_lib_dl_dlopen=yes
ac_cv_lib_dld_shl_load=no
ac_cv_objext=o
ac_cv_path_install='/usr/bin/install -c'
ac_cv_prog_AWK=gawk
ac_cv_prog_CPP='gcc -E'
ac_cv_prog_CXXCPP='g++ -E'
ac_cv_prog_ac_ct_AR=ar
ac_cv_prog_ac_ct_CC=gcc
ac_cv_prog_ac_ct_CXX=g++
ac_cv_prog_ac_ct_F77=g77
ac_cv_prog_ac_ct_RANLIB=ranlib
ac_cv_prog_ac_ct_STRIP=strip
ac_cv_prog_cc_g=yes
ac_cv_prog_cc_stdc=
ac_cv_prog_cxx_g=yes
ac_cv_prog_egrep='grep -E'
ac_cv_prog_f77_g=yes
ac_cv_prog_make_make_set=yes
am_cv_CC_dependencies_compiler_type=gcc3
am_cv_CXX_dependencies_compiler_type=gcc3
lt_cv_deplibs_check_method=pass_all
lt_cv_dlopen=dlopen
lt_cv_dlopen_libs=-ldl
lt_cv_dlopen_self=yes
lt_cv_dlopen_self_static=yes
lt_cv_file_magic_cmd='$MAGIC_CMD'
lt_cv_file_magic_test_file=
lt_cv_ld_reload_flag=-r
lt_cv_objdir=.libs
lt_cv_path_LD=/usr/bin/ld
lt_cv_path_LDCXX=/usr/bin/ld
lt_cv_path_NM='/usr/bin/nm -B'
lt_cv_path_SED=/bin/sed
lt_cv_prog_compiler_c_o=yes
lt_cv_prog_compiler_c_o_CXX=yes
lt_cv_prog_compiler_c_o_F77=yes
lt_cv_prog_compiler_rtti_exceptions=no
lt_cv_prog_gnu_ld=yes
lt_cv_prog_gnu_ldcxx=yes
lt_cv_sys_global_symbol_pipe='sed -n -e '\''s/^.*[ 	]\([ABCDGIRSTW][ABCDGIRSTW]*\)[ 	][ 	]*\([_A-Za-z][_A-Za-z0-9]*\)$/\1 \2 \2/p'\'''
lt_cv_sys_global_symbol_to_c_name_address='sed -n -e '\''s/^: \([^ ]*\) $/  {\"\1\", (lt_ptr) 0},/p'\'' -e '\''s/^[BCDEGRST] \([^ ]*\) \([^ ]*\)$/  {"\2", (lt_ptr) \&\2},/p'\'''
lt_cv_sys_global_symbol_to_cdecl='sed -n -e '\''s/^. .* \(.*\)$/extern int \1;/p'\'''
lt_cv_sys_max_cmd_len=32768
lt_lt_cv_prog_compiler_c_o='"yes"'
lt_lt_cv_prog_compiler_c_o_CXX='"yes"'
lt_lt_cv_prog_compiler_c_o_F77='"yes"'
lt_lt_cv_sys_global_symbol_pipe='"sed -n -e '\''s/^.*[ 	]\\([ABCDGIRSTW][ABCDGIRSTW]*\\)[ 	][ 	]*\\([_A-Za-z][_A-Za-z0-9]*\\)\$/\\1 \\2 \\2/p'\''"'
lt_lt_cv_sys_global_symbol_to_c_name_address='"sed -n -e '\''s/^: \\([^ ]*\\) \$/  {\\\"\\1\\\", (lt_ptr) 0},/p'\'' -e '\''s/^[BCDEGRST] \\([^ ]*\\) \\([^ ]*\\)\$/  {\"\\2\", (lt_ptr) \\&\\2},/p'\''"'
lt_lt_cv_sys_global_symbol_to_cdecl='"sed -n -e '\''s/^. .* \\(.*\\)\$/extern int \\1;/p'\''"'

## ----------------- ##
## Output variables. ##
## ----------------- ##

ACLOCAL='${SHELL} /home/hugo/hugoestudio/missing --run aclocal-1.9'
AMDEPBACKSLASH='\'
AMDEP_FALSE='#'
AMDEP_TRUE=''
AMTAR='${SHELL} /home/hugo/hugoestudio/missing --run tar'
AR='ar'
AUTOCONF='${SHELL} /home/hugo/hugoestudio/missing --run autoconf'
AUTOHEADER='${SHELL} /home/hugo/hugoestudio/missing --run autoheader'
AUTOMAKE='${SHELL} /home/hugo/hugoestudio/missing --run automake-1.9'
AWK='gawk'
CC='gcc'
CCDEPMODE='depmode=gcc3'
CFLAGS='-g -O2'
CPP='gcc -E'
CPPFLAGS=' -Wall -g -fexceptions -I/usr/local/lib/wx/include/gtk2-ansi-release-2.6 -I/usr/local/include/wx-2.6 -DGTK_NO_CHECK_CASTS -D__WXGTK__ -D_FILE_OFFSET_BITS=64 -D_LARGE_FILES -D_LARGEFILE_SOURCE=1 -DNO_GCC_PRAGMA'
CXX='g++'
CXXCPP='g++ -E'
CXXDEPMODE='depmode=gcc3'
CXXFLAGS=' -Wall -g -fexceptions -Wall -g -fexceptions -I/usr/local/lib/wx/include/gtk2-ansi-release-2.6 -I/usr/local/include/wx-2.6 -DGTK_NO_CHECK_CASTS -D__WXGTK__ -D_FILE_OFFSET_BITS=64 -D_LARGE_FILES -D_LARGEFILE_SOURCE=1 -DNO_GCC_PRAGMA'
CYGPATH_W='echo'
DEFS='-DPACKAGE_NAME=\"\" -DPACKAGE_TARNAME=\"\" -DPACKAGE_VERSION=\"\" -DPACKAGE_STRING=\"\" -DPACKAGE_BUGREPORT=\"\" -DPACKAGE=\"hugoestudio\" -DVERSION=\"0.1\" -DSTDC_HEADERS=1 -DHAVE_SYS_TYPES_H=1 -DHAVE_SYS_STAT_H=1 -DHAVE_STDLIB_H=1 -DHAVE_STRING_H=1 -DHAVE_MEMORY_H=1 -DHAVE_STRINGS_H=1 -DHAVE_INTTYPES_H=1 -DHAVE_STDINT_H=1 -DHAVE_UNISTD_H=1 -DHAVE_DLFCN_H=1 '
DEPDIR='.deps'
ECHO='echo'
ECHO_C=''
ECHO_N='-n'
ECHO_T=''
EGREP='grep -E'
EXEEXT=''
F77='g77'
FFLAGS='-g -O2'
INSTALL_DATA='${INSTALL} -m 644'
INSTALL_PROGRAM='${INSTALL}'
INSTALL_SCRIPT='${INSTALL}'
INSTALL_STRIP_PROGRAM='${SHELL} $(install_sh) -c -s'
LDFLAGS=''
LIBOBJS=''
LIBS=''
LIBTOOL='$(SHELL) $(top_builddir)/libtool'
LN_S='ln -s'
LTLIBOBJS=''
MAKEINFO='${SHELL} /home/hugo/hugoestudio/missing --run makeinfo'
OBJEXT='o'
PACKAGE='hugoestudio'
PACKAGE_BUGREPORT=''
PACKAGE_NAME=''
PACKAGE_STRING=''
PACKAGE_TARNAME=''
PACKAGE_VERSION=''
PATH_SEPARATOR=':'
RANLIB='ranlib'
SET_MAKE=''
SHELL='/bin/sh'
STRIP='strip'
VERSION='0.1'
WX_LIBS='-L/usr/local/lib -pthread   -L/usr/X11R6/lib  -lwx_gtk2_xrc-2.6 -lwx_gtk2_qa-2.6 -lwx_gtk2_html-2.6 -lwx_gtk2_adv-2.6 -lwx_gtk2_core-2.6 -lwx_base_xml-2.6 -lwx_base_net-2.6 -lwx_base-2.6 '
ac_ct_AR='ar'
ac_ct_CC='gcc'
ac_ct_CXX='g++'
ac_ct_F77='g77'
ac_ct_RANLIB='ranlib'
ac_ct_STRIP='strip'
am__fastdepCC_FALSE='#'
am__fastdepCC_TRUE=''
am__fastdepCXX_FALSE='#'
am__fastdepCXX_TRUE=''
am__include='include'
am__leading_dot='.'
am__quote=''
am__tar='${AMTAR} chof - "$$tardir"'
am__untar='${AMTAR} xf -'
bindir='${exec_prefix}/bin'
build='i686-redhat-linux-gnu'
build_alias=''
build_cpu='i686'
build_os='linux-gnu'
build_vendor='redhat'
datadir='${prefix}/share'
exec_prefix='${prefix}'
host='i686-redhat-linux-gnu'
host_alias=''
host_cpu='i686'
host_os='linux-gnu'
host_vendor='redhat'
includedir='${prefix}/include'
infodir='${prefix}/info'
install_sh='/home/hugo/hugoestudio/install-sh'
libdir='${exec_prefix}/lib'
libexecdir='${exec_prefix}/libexec'
localstatedir='${prefix}/var'
mandir='${prefix}/man'
mkdir_p='mkdir -p --'
oldincludedir='/usr/include'
prefix='/usr/local'
program_transform_name='s,x,x,'
sbindir='${exec_prefix}/sbin'
sharedstatedir='${prefix}/com'
sysconfdir='${prefix}/etc'
target_alias=''

## ----------- ##
## confdefs.h. ##
## ----------- ##

#define HAVE_DLFCN_H 1
#define HAVE_INTTYPES_H 1
#define HAVE_MEMORY_H 1
#define HAVE_STDINT_H 1
#define HAVE_STDLIB_H 1
#define HAVE_STRINGS_H 1
#define HAVE_STRING_H 1
#define HAVE_SYS_STAT_H 1
#define HAVE_SYS_TYPES_H 1
#define HAVE_UNISTD_H 1
#define PACKAGE "hugoestudio"
#define PACKAGE_BUGREPORT ""
#define PACKAGE_NAME ""
#define PACKAGE_STRING ""
#define PACKAGE_TARNAME ""
#define PACKAGE_VERSION ""
#define STDC_HEADERS 1
#define VERSION "0.1"
#endif
#ifdef __cplusplus
extern "C" void std::exit (int) throw (); using std::exit;

configure: exit 0
